
    ╔═══════════════════════════════════════════════════════════════╗
    ║                                                               ║
    ║   ██████╗ ███████╗ █████╗ ██╗     ███╗   ███╗███████╗         ║
    ║   ██╔══██╗██╔════╝██╔══██╗██║     ████╗ ████║██╔════╝         ║
    ║   ██████╔╝█████╗  ███████║██║     ██╔████╔██║███████╗         ║
    ║   ██╔══██╗██╔══╝  ██╔══██║██║     ██║╚██╔╝██║╚════██║         ║
    ║   ██║  ██║███████╗██║  ██║███████╗██║ ╚═╝ ██║███████║         ║
    ║   ╚═╝  ╚═╝╚══════╝╚═╝  ╚═╝╚══════╝╚═╝     ╚═╝╚══════╝         ║
    ║                       MUD                                     ║
    ║                                                               ║
    ╚═══════════════════════════════════════════════════════════════╝

    Starting RealmsMUD server on port 4000...

2026-02-19 15:48:32,194 - RealmsMUD - INFO - ============================================================
2026-02-19 15:48:32,194 - RealmsMUD - INFO - RealmsMUD - Fantasy Multi-User Dungeon
2026-02-19 15:48:32,194 - RealmsMUD - INFO - ============================================================
2026-02-19 15:48:32,194 - RealmsMUD - INFO - Initializing game systems...
2026-02-19 15:48:32,194 - time_system - INFO - Game time initialized: 12:00 PM, Day 1 of Early Summer, Year 1000
2026-02-19 15:48:32,194 - RealmsMUD.World - INFO - Loading world...
2026-02-19 15:48:32,195 - RealmsMUD.World - INFO - Loaded zone 50: The Great Eastern Desert (74 rooms)
2026-02-19 15:48:32,197 - RealmsMUD.World - INFO - Loaded zone 210: Tunnel of Sticks (400 rooms)
2026-02-19 15:48:32,197 - RealmsMUD.World - INFO - Loaded zone 31: Southern part of Midgaard (54 rooms)
2026-02-19 15:48:32,197 - RealmsMUD.World - INFO - Loaded zone 66: The Northern Wilderness (14 rooms)
2026-02-19 15:48:32,198 - RealmsMUD.World - INFO - Loaded zone 70: The Sewer, First Level (67 rooms)
2026-02-19 15:48:32,198 - RealmsMUD.World - INFO - Loaded zone 71: The Second Sewer (26 rooms)
2026-02-19 15:48:32,198 - RealmsMUD.World - INFO - Loaded zone 67: The Eastern Highlands (14 rooms)
2026-02-19 15:48:32,199 - RealmsMUD.World - INFO - Loaded zone 30: Northern Midgaard Main City (75 rooms)
2026-02-19 15:48:32,199 - RealmsMUD.World - INFO - Loaded zone 270: The Whispering Woods (19 rooms)
2026-02-19 15:48:32,199 - RealmsMUD.World - INFO - Loaded zone 180: The Great Northern Forest (26 rooms)
2026-02-19 15:48:32,200 - RealmsMUD.World - INFO - Loaded zone 250: The Blood Pit Arena (7 rooms)
2026-02-19 15:48:32,200 - RealmsMUD.World - INFO - Loaded zone 51: Drow City (51 rooms)
2026-02-19 15:48:32,200 - RealmsMUD.World - INFO - Loaded zone 220: Castle Apocalypse (77 rooms)
2026-02-19 15:48:32,201 - RealmsMUD.World - INFO - Loaded zone 60: Haon-Dor, Light Forest (64 rooms)
2026-02-19 15:48:32,201 - RealmsMUD.World - INFO - Loaded zone 40: Mines of Moria (103 rooms)
2026-02-19 15:48:32,202 - RealmsMUD.World - INFO - Loaded zone 200: Forest of Shadows (10 rooms)
2026-02-19 15:48:32,202 - RealmsMUD.World - INFO - Loaded zone 186: Newbie Zone (41 rooms)
2026-02-19 15:48:32,202 - RealmsMUD.World - INFO - Loaded zone 240: The Sunken Temple of Nereus (25 rooms)
2026-02-19 15:48:32,202 - RealmsMUD.World - INFO - Loaded zone 190: The Frostspire (27 rooms)
2026-02-19 15:48:32,203 - RealmsMUD.World - INFO - Loaded zone 0: Limbo - Internal (3 rooms)
2026-02-19 15:48:32,203 - RealmsMUD.World - INFO - Loaded zone 61: Haon-Dor, Dark Forest (48 rooms)
2026-02-19 15:48:32,203 - RealmsMUD.World - INFO - Loaded zone 36: The Chessboard of Midgaard (67 rooms)
2026-02-19 15:48:32,204 - RealmsMUD.World - INFO - Loaded zone 260: Midgaard Housing District (22 rooms)
2026-02-19 15:48:32,204 - RealmsMUD.World - INFO - Loaded zone 62: The Orc Enclave (68 rooms)
2026-02-19 15:48:32,204 - RealmsMUD.World - INFO - Loaded zone 35: Miden'Nir (45 rooms)
2026-02-19 15:48:32,205 - RealmsMUD.World - INFO - Loaded zone 150: King Welmar's Castle (75 rooms)
2026-02-19 15:48:32,205 - RealmsMUD.World - INFO - Loaded zone 15: The Straight Path (41 rooms)
2026-02-19 15:48:32,207 - RealmsMUD.World - INFO - Loaded zone 54: New Thalos (285 rooms)
2026-02-19 15:48:32,207 - RealmsMUD.World - INFO - Loaded zone 238: The Haunted Monastery (25 rooms)
2026-02-19 15:48:32,207 - RealmsMUD.World - INFO - Loaded zone 110: Silversong Elven Village (15 rooms)
2026-02-19 15:48:32,207 - RealmsMUD.World - INFO - Loaded zone 80: The Dragon's Domain (5 rooms)
2026-02-19 15:48:32,207 - RealmsMUD.World - INFO - Loaded zone 79: Redferne's Residence (20 rooms)
2026-02-19 15:48:32,207 - RealmsMUD.World - INFO - Loaded zone 235: The Goblin Warrens (20 rooms)
2026-02-19 15:48:32,208 - RealmsMUD.World - INFO - Loaded zone 63: Arachnos (52 rooms)
2026-02-19 15:48:32,208 - RealmsMUD.World - INFO - Loaded zone 130: The Sunken Ruins of Atal'narath (18 rooms)
2026-02-19 15:48:32,208 - RealmsMUD.World - INFO - Loaded zone 245: Shadowspire Citadel (30 rooms)
2026-02-19 15:48:32,208 - RealmsMUD.World - INFO - Loaded zone 68: The Sunken Coast (12 rooms)
2026-02-19 15:48:32,209 - RealmsMUD.World - INFO - Loaded zone 140: The Necropolis of Eternal Night (31 rooms)
2026-02-19 15:48:32,209 - RealmsMUD.World - INFO - Loaded zone 52: The City Of Thalos (51 rooms)
2026-02-19 15:48:32,210 - RealmsMUD.World - INFO - Loaded zone 25: The High Tower Of Magic (183 rooms)
2026-02-19 15:48:32,210 - RealmsMUD.World - INFO - Loaded zone 160: The Plane of Eternal Chaos (26 rooms)
2026-02-19 15:48:32,211 - RealmsMUD.World - INFO - Loaded zone 72: The Sewer Maze (87 rooms)
2026-02-19 15:48:32,211 - RealmsMUD.World - INFO - Loaded zone 64: Rand's Tower (46 rooms)
2026-02-19 15:48:32,212 - RealmsMUD.World - INFO - Loaded zone 33: The Three Of Swords (76 rooms)
2026-02-19 15:48:32,212 - RealmsMUD.World - INFO - Loaded zone 9: River Island Of Minos (24 rooms)
2026-02-19 15:48:32,212 - RealmsMUD.World - INFO - Loaded zone 32: Midgaard Stables (4 rooms)
2026-02-19 15:48:32,212 - RealmsMUD.World - INFO - Loaded zone 65: The Dwarven Kingdom (51 rooms)
2026-02-19 15:48:32,213 - RealmsMUD.World - INFO - Loaded zone 120: Rome (66 rooms)
2026-02-19 15:48:32,213 - RealmsMUD.World - INFO - Loaded zone 73: The Mindflayer's Lair (3 rooms)
2026-02-19 15:48:32,213 - RealmsMUD.World - INFO - Loaded zone 248: The Clockwork Foundry (30 rooms)
2026-02-19 15:48:32,214 - RealmsMUD.World - INFO - Loaded zone 53: The Great Pyramid (61 rooms)
2026-02-19 15:48:32,214 - RealmsMUD.World - INFO - Loaded zone 12: God Simplex (7 rooms)
2026-02-19 15:48:32,214 - RealmsMUD.World - INFO - Loaded zone 100: The Dwarven Mines of Khaz-Durum (25 rooms)
2026-02-19 15:48:32,214 - RealmsMUD.World - INFO - Loaded zone 69: The Ashlands (12 rooms)
2026-02-19 15:48:32,214 - RealmsMUD.World - INFO - Loaded zone 90: The Haunted Swamp (20 rooms)
2026-02-19 15:48:32,220 - RealmsMUD.Shops - INFO - Created shop for waiter (vnum 3043) with 1 items
2026-02-19 15:48:32,220 - RealmsMUD.Shops - INFO - Created shop for bartender (vnum 3040) with 1 items
2026-02-19 15:48:32,220 - RealmsMUD.Shops - INFO - Created shop for grocer (vnum 3002) with 7 items
2026-02-19 15:48:32,220 - RealmsMUD.Shops - INFO - Created shop for weaponsmith (vnum 3003) with 1 items
2026-02-19 15:48:32,220 - RealmsMUD.Shops - INFO - Created shop for waiter (vnum 3042) with 1 items
2026-02-19 15:48:32,220 - RealmsMUD.Shops - INFO - Created shop for armourer (vnum 3004) with 1 items
2026-02-19 15:48:32,220 - RealmsMUD.Shops - INFO - Created shop for waiter (vnum 3045) with 1 items
2026-02-19 15:48:32,221 - RealmsMUD.Shops - INFO - Created shop for waiter (vnum 3044) with 1 items
2026-02-19 15:48:32,221 - RealmsMUD.Shops - INFO - Created shop for wizard (vnum 3000) with 4 items
2026-02-19 15:48:32,221 - RealmsMUD.Shops - INFO - Created shop for filthy (vnum 3046) with 1 items
2026-02-19 15:48:32,221 - RealmsMUD.Shops - INFO - Created shop for captain (vnum 3006) with 1 items
2026-02-19 15:48:32,221 - RealmsMUD.Shops - INFO - Created shop for sailor (vnum 3007) with 0 items
2026-02-19 15:48:32,222 - RealmsMUD.Shops - INFO - Created shop for wally (vnum 3009) with 1 items
2026-02-19 15:48:32,237 - RealmsMUD.Shops - INFO - Created shop for carpenter (vnum 26001) with 5 items
2026-02-19 15:48:32,239 - RealmsMUD.Shops - INFO - Created shop for chef (vnum 15022) with 1 items
2026-02-19 15:48:32,240 - RealmsMUD.Shops - INFO - Created shop for astrologer (vnum 15019) with 1 items
2026-02-19 15:48:32,242 - RealmsMUD.Shops - INFO - Created shop for bartender (vnum 5405) with 1 items
2026-02-19 15:48:32,242 - RealmsMUD.Shops - INFO - Created shop for nomad (vnum 5433) with 0 items
2026-02-19 15:48:32,243 - RealmsMUD.Shops - INFO - Created shop for nomad (vnum 5433) with 0 items
2026-02-19 15:48:32,243 - RealmsMUD.Shops - INFO - Created shop for nomad (vnum 5433) with 0 items
2026-02-19 15:48:32,244 - RealmsMUD.Shops - INFO - Created shop for cassandra (vnum 5418) with 0 items
2026-02-19 15:48:32,244 - RealmsMUD.Shops - INFO - Created shop for nomad (vnum 5433) with 0 items
2026-02-19 15:48:32,245 - RealmsMUD.Shops - INFO - Created shop for nomad (vnum 5433) with 0 items
2026-02-19 15:48:32,246 - RealmsMUD.Shops - INFO - Created shop for nomad (vnum 5433) with 0 items
2026-02-19 15:48:32,246 - RealmsMUD.Shops - INFO - Created shop for ahkeem (vnum 5413) with 1 items
2026-02-19 15:48:32,246 - RealmsMUD.Shops - INFO - Created shop for vera (vnum 5414) with 1 items
2026-02-19 15:48:32,247 - RealmsMUD.Shops - INFO - Created shop for butch (vnum 5415) with 1 items
2026-02-19 15:48:32,247 - RealmsMUD.Shops - INFO - Created shop for elriva (vnum 5479) with 1 items
2026-02-19 15:48:32,247 - RealmsMUD.Shops - INFO - Created shop for braheem (vnum 5480) with 1 items
2026-02-19 15:48:32,247 - RealmsMUD.Shops - INFO - Created shop for shopkeeper (vnum 5411) with 1 items
2026-02-19 15:48:32,247 - RealmsMUD.Shops - INFO - Created shop for abdul (vnum 5416) with 1 items
2026-02-19 15:48:32,247 - RealmsMUD.Shops - INFO - Created shop for baker (vnum 5410) with 1 items
2026-02-19 15:48:32,247 - RealmsMUD.Shops - INFO - Created shop for igor (vnum 5417) with 1 items
2026-02-19 15:48:32,247 - RealmsMUD.Shops - INFO - Created shop for stitch (vnum 5484) with 1 items
2026-02-19 15:48:32,247 - RealmsMUD.Shops - INFO - Created shop for patch (vnum 5483) with 1 items
2026-02-19 15:48:32,248 - RealmsMUD.Shops - INFO - Created shop for shipwright (vnum 5465) with 1 items
2026-02-19 15:48:32,248 - RealmsMUD.Shops - INFO - Created shop for blacksmith (vnum 5466) with 1 items
2026-02-19 15:48:32,263 - RealmsMUD.Shops - INFO - Created shop for strick (vnum 2505) with 1 items
2026-02-19 15:48:32,263 - RealmsMUD.Shops - INFO - Created shop for tatorious (vnum 2506) with 1 items
2026-02-19 15:48:32,279 - RealmsMUD.Shops - INFO - Created shop for storekeeper (vnum 3301) with 1 items
2026-02-19 15:48:32,279 - RealmsMUD.Shops - INFO - Created shop for cowgirl (vnum 3302) with 1 items
2026-02-19 15:48:32,279 - RealmsMUD.Shops - INFO - Created shop for horse (vnum 3303) with 1 items
2026-02-19 15:48:32,279 - RealmsMUD.Shops - INFO - Created shop for horse (vnum 3303) with 1 items
2026-02-19 15:48:32,279 - RealmsMUD.Shops - INFO - Created shop for horse (vnum 3303) with 1 items
2026-02-19 15:48:32,279 - RealmsMUD.Shops - INFO - Created shop for horse (vnum 3303) with 1 items
2026-02-19 15:48:32,282 - RealmsMUD.Shops - INFO - Created shop for storekeeper (vnum 6503) with 1 items
2026-02-19 15:48:32,283 - RealmsMUD.Shops - INFO - Created shop for baker (vnum 6504) with 1 items
2026-02-19 15:48:32,285 - RealmsMUD.Shops - INFO - Created shop for vendor (vnum 12016) with 0 items
2026-02-19 15:48:32,285 - RealmsMUD.Shops - INFO - Created shop for shopkeeper (vnum 12011) with 1 items
2026-02-19 15:48:32,285 - RealmsMUD.Shops - INFO - Created shop for vendor (vnum 12016) with 0 items
2026-02-19 15:48:32,287 - RealmsMUD.Shops - INFO - Created shop for vendor (vnum 12016) with 0 items
2026-02-19 15:48:32,287 - RealmsMUD.Shops - INFO - Created shop for peddler (vnum 12012) with 1 items
2026-02-19 15:48:32,288 - RealmsMUD.Shops - INFO - Created shop for shopkeeper (vnum 12034) with 1 items
2026-02-19 15:48:32,290 - RealmsMUD.Shops - INFO - Created shop for baker (vnum 12036) with 2 items
2026-02-19 15:48:32,290 - RealmsMUD.Shops - INFO - Created shop for grocer (vnum 12037) with 2 items
2026-02-19 15:48:32,300 - RealmsMUD.Factions - INFO - Spawned faction NPC: Captain Aldren in room 3005
2026-02-19 15:48:32,300 - RealmsMUD.Factions - INFO - Spawned faction NPC: Whisper in room 3044
2026-02-19 15:48:32,300 - RealmsMUD.Factions - INFO - Spawned faction NPC: Archmage Thessaly in room 3017
2026-02-19 15:48:32,300 - RealmsMUD.Factions - INFO - Spawned faction NPC: Elder Oakhart in room 3600
2026-02-19 15:48:32,300 - RealmsMUD.Factions - INFO - Spawned faction NPC: the Shrouded Figure in room 3100
2026-02-19 15:48:32,301 - RealmsMUD.Factions - INFO - Spawned faction NPC: Guildmaster Brennan in room 3014
2026-02-19 15:48:32,301 - RealmsMUD.Factions - INFO - Spawned 6 faction NPCs
2026-02-19 15:48:32,301 - RealmsMUD.World - INFO - World loaded: 55 zones, 2824 rooms
2026-02-19 15:48:32,301 - RealmsMUD.WebMap - INFO - Web map server listening on 0.0.0.0:4001
2026-02-19 15:48:32,351 - web_client - INFO - Web client listening on http://0.0.0.0:4003
2026-02-19 15:48:32,352 - RealmsMUD - INFO - Initialization complete!
2026-02-19 15:48:32,352 - RealmsMUD - INFO - Starting server on port 4000...
2026-02-19 15:48:32,352 - RealmsMUD.Server - INFO - Server listening on 0.0.0.0:4000
2026-02-19 15:48:32,571 - RealmsMUD.WebMap - INFO - WebSocket subscribe: player='Avikan' mode='full'
2026-02-19 15:48:32,571 - RealmsMUD.WebMap - WARNING - Player 'Avikan' not found in world.players (online: [])
2026-02-19 15:50:03,404 - RealmsMUD.WebMap - INFO - WebSocket close frame received from client
2026-02-19 15:50:03,404 - RealmsMUD.WebMap - INFO - WebSocket message is None, closing connection for client
2026-02-19 15:50:06,535 - RealmsMUD.Server - INFO - New connection from ('127.0.0.1', 50469)
2026-02-19 15:50:07,559 - RealmsMUD.Player - INFO - Loaded player: Avikan
2026-02-19 15:50:07,559 - RealmsMUD.World - INFO - Player entered world: Avikan
2026-02-19 15:50:07,569 - RealmsMUD.WebMap - INFO - notify_player called for 'Avikan', connected clients: []
2026-02-19 15:50:07,569 - RealmsMUD.WebMap - WARNING - notify_player: NO connected clients for 'Avikan' (total clients: 0, names: [])
2026-02-19 15:50:07,593 - RealmsMUD.WebMap - INFO - WebSocket subscribe: player='Avikan' mode='full'
2026-02-19 15:50:07,649 - RealmsMUD.WebMap - INFO - Sending initial map: 2805 rooms
2026-02-19 15:50:33,769 - RealmsMUD.WebMap - INFO - notify_player called for 'Avikan', connected clients: ['Avikan']
2026-02-19 15:50:33,808 - RealmsMUD.WebMap - INFO - notify_player: sending 2806 rooms to 'Avikan'
2026-02-19 15:50:33,863 - RealmsMUD.WebMap - INFO - notify_player: send SUCCESS for 'Avikan'
2026-02-19 15:50:40,811 - RealmsMUD.WebMap - INFO - notify_player called for 'Avikan', connected clients: ['Avikan']
2026-02-19 15:50:40,872 - RealmsMUD.WebMap - INFO - notify_player: sending 2807 rooms to 'Avikan'
2026-02-19 15:50:40,925 - RealmsMUD.WebMap - INFO - notify_player: send SUCCESS for 'Avikan'
2026-02-19 15:50:42,102 - RealmsMUD.WebMap - INFO - notify_player called for 'Avikan', connected clients: ['Avikan']
2026-02-19 15:50:42,163 - RealmsMUD.WebMap - INFO - notify_player: sending 2808 rooms to 'Avikan'
2026-02-19 15:50:42,200 - RealmsMUD.WebMap - INFO - notify_player: send SUCCESS for 'Avikan'
2026-02-19 15:50:42,564 - RealmsMUD.WebMap - INFO - notify_player called for 'Avikan', connected clients: ['Avikan']
2026-02-19 15:50:42,626 - RealmsMUD.WebMap - INFO - notify_player: sending 2809 rooms to 'Avikan'
2026-02-19 15:50:42,662 - RealmsMUD.WebMap - INFO - notify_player: send SUCCESS for 'Avikan'
2026-02-19 15:50:43,430 - RealmsMUD.WebMap - INFO - notify_player called for 'Avikan', connected clients: ['Avikan']
2026-02-19 15:50:43,493 - RealmsMUD.WebMap - INFO - notify_player: sending 2809 rooms to 'Avikan'
2026-02-19 15:50:43,539 - RealmsMUD.WebMap - INFO - notify_player: send SUCCESS for 'Avikan'
2026-02-19 15:50:45,603 - RealmsMUD.WebMap - INFO - notify_player called for 'Avikan', connected clients: ['Avikan']
2026-02-19 15:50:45,679 - RealmsMUD.WebMap - INFO - notify_player: sending 2810 rooms to 'Avikan'
2026-02-19 15:50:45,762 - RealmsMUD.WebMap - INFO - notify_player: send SUCCESS for 'Avikan'
2026-02-19 15:50:47,415 - RealmsMUD.WebMap - INFO - notify_player called for 'Avikan', connected clients: ['Avikan']
2026-02-19 15:50:47,477 - RealmsMUD.WebMap - INFO - notify_player: sending 2811 rooms to 'Avikan'
2026-02-19 15:50:47,560 - RealmsMUD.WebMap - INFO - notify_player: send SUCCESS for 'Avikan'
2026-02-19 15:50:50,721 - RealmsMUD.WebMap - INFO - notify_player called for 'Avikan', connected clients: ['Avikan']
2026-02-19 15:50:50,774 - RealmsMUD.WebMap - INFO - notify_player: sending 2811 rooms to 'Avikan'
2026-02-19 15:50:50,850 - RealmsMUD.WebMap - INFO - notify_player: send SUCCESS for 'Avikan'
2026-02-19 15:50:51,242 - RealmsMUD.WebMap - INFO - notify_player called for 'Avikan', connected clients: ['Avikan']
2026-02-19 15:50:51,304 - RealmsMUD.WebMap - INFO - notify_player: sending 2812 rooms to 'Avikan'
2026-02-19 15:50:51,380 - RealmsMUD.WebMap - INFO - notify_player: send SUCCESS for 'Avikan'
2026-02-19 15:52:18,278 - aiohttp.access - INFO - 72.35.136.199 [19/Feb/2026:15:50:06 -0800] "GET /ws HTTP/1.1" 101 0 "-" "Mozilla/5.0 (Windows NT 10.0; Win64; x64) AppleWebKit/537.36 (KHTML, like Gecko) Chrome/144.0.0.0 Safari/537.36"
2026-02-19 15:52:18,279 - RealmsMUD.WebMap - INFO - WebSocket close frame received from client
2026-02-19 15:52:18,279 - RealmsMUD.WebMap - INFO - WebSocket message is None, closing connection for client
2026-02-19 15:52:18,280 - RealmsMUD.Server - INFO - Connection closed: ('127.0.0.1', 50469)
2026-02-19 15:52:18,285 - RealmsMUD.World - INFO - Player left world: Avikan
2026-02-19 15:52:20,845 - RealmsMUD.Server - INFO - New connection from ('127.0.0.1', 50478)
2026-02-19 15:52:21,604 - RealmsMUD.Player - INFO - Loaded player: Avikan
2026-02-19 15:52:25,279 - RealmsMUD.Player - INFO - Loaded player: Avikan
2026-02-19 15:52:25,279 - RealmsMUD.World - INFO - Player entered world: Avikan
2026-02-19 15:52:25,283 - RealmsMUD.WebMap - INFO - notify_player called for 'Avikan', connected clients: []
2026-02-19 15:52:25,283 - RealmsMUD.WebMap - WARNING - notify_player: NO connected clients for 'Avikan' (total clients: 0, names: [])
2026-02-19 15:52:25,312 - RealmsMUD.WebMap - INFO - WebSocket subscribe: player='Avikan' mode='full'
2026-02-19 15:52:25,377 - RealmsMUD.WebMap - INFO - Sending initial map: 2812 rooms
2026-02-19 15:52:38,230 - RealmsMUD.WebMap - INFO - notify_player called for 'Avikan', connected clients: ['Avikan']
2026-02-19 15:52:38,293 - RealmsMUD.WebMap - INFO - notify_player: sending 2813 rooms to 'Avikan'
2026-02-19 15:52:38,347 - RealmsMUD.WebMap - INFO - notify_player: send SUCCESS for 'Avikan'
2026-02-19 15:53:39,063 - RealmsMUD.World - INFO - Autosaved 1 players
2026-02-19 15:54:58,923 - RealmsMUD.WebMap - INFO - notify_player called for 'Avikan', connected clients: ['Avikan']
2026-02-19 15:54:59,005 - RealmsMUD.WebMap - INFO - notify_player: sending 2813 rooms to 'Avikan'
2026-02-19 15:54:59,093 - RealmsMUD.WebMap - INFO - notify_player: send SUCCESS for 'Avikan'
2026-02-19 15:55:03,108 - RealmsMUD.WebMap - INFO - notify_player called for 'Avikan', connected clients: ['Avikan']
2026-02-19 15:55:03,160 - RealmsMUD.WebMap - INFO - notify_player: sending 2813 rooms to 'Avikan'
2026-02-19 15:55:03,232 - RealmsMUD.WebMap - INFO - notify_player: send SUCCESS for 'Avikan'
2026-02-19 15:55:04,343 - RealmsMUD.WebMap - INFO - notify_player called for 'Avikan', connected clients: ['Avikan']
2026-02-19 15:55:04,402 - RealmsMUD.WebMap - INFO - notify_player: sending 2814 rooms to 'Avikan'
2026-02-19 15:55:04,510 - RealmsMUD.WebMap - INFO - notify_player: send SUCCESS for 'Avikan'
2026-02-19 15:57:53,218 - RealmsMUD.WebMap - INFO - WebSocket close frame received from client
2026-02-19 15:57:53,218 - RealmsMUD.WebMap - INFO - WebSocket message is None, closing connection for client
2026-02-19 15:57:53,222 - aiohttp.access - INFO - 72.35.136.199 [19/Feb/2026:15:52:20 -0800] "GET /ws HTTP/1.1" 101 0 "-" "Mozilla/5.0 (Windows NT 10.0; Win64; x64) AppleWebKit/537.36 (KHTML, like Gecko) Chrome/144.0.0.0 Safari/537.36"
2026-02-19 15:57:53,223 - RealmsMUD.Server - INFO - Connection closed: ('127.0.0.1', 50478)
2026-02-19 15:57:53,235 - RealmsMUD.World - INFO - Player left world: Avikan
2026-02-19 15:57:55,697 - aiohttp.access - INFO - 72.35.136.199 [19/Feb/2026:15:57:55 -0800] "GET / HTTP/1.1" 200 39465 "-" "Mozilla/5.0 (Windows NT 10.0; Win64; x64) AppleWebKit/537.36 (KHTML, like Gecko) Chrome/144.0.0.0 Safari/537.36"
2026-02-19 15:57:56,035 - RealmsMUD.Server - INFO - New connection from ('127.0.0.1', 50513)
2026-02-19 15:58:02,875 - RealmsMUD.WebMap - INFO - WebSocket close frame received from client
2026-02-19 15:58:02,875 - RealmsMUD.WebMap - INFO - WebSocket message is None, closing connection for client
2026-02-19 15:58:02,886 - aiohttp.access - INFO - 72.35.136.199 [19/Feb/2026:15:57:56 -0800] "GET /ws HTTP/1.1" 101 0 "-" "Mozilla/5.0 (Windows NT 10.0; Win64; x64) AppleWebKit/537.36 (KHTML, like Gecko) Chrome/144.0.0.0 Safari/537.36"
2026-02-19 15:58:02,886 - RealmsMUD.Server - INFO - Connection closed: ('127.0.0.1', 50513)
2026-02-19 15:58:05,745 - RealmsMUD.Server - INFO - New connection from ('127.0.0.1', 50514)
2026-02-19 15:58:06,773 - RealmsMUD.Player - INFO - Loaded player: Avikan
2026-02-19 15:58:06,774 - RealmsMUD.World - INFO - Player entered world: Avikan
2026-02-19 15:58:06,777 - RealmsMUD.WebMap - INFO - notify_player called for 'Avikan', connected clients: []
2026-02-19 15:58:06,778 - RealmsMUD.WebMap - WARNING - notify_player: NO connected clients for 'Avikan' (total clients: 0, names: [])
2026-02-19 15:58:06,801 - RealmsMUD.WebMap - INFO - WebSocket subscribe: player='Avikan' mode='full'
2026-02-19 15:58:06,868 - RealmsMUD.WebMap - INFO - Sending initial map: 2814 rooms
2026-02-19 15:58:22,236 - RealmsMUD.WebMap - INFO - notify_player called for 'Avikan', connected clients: ['Avikan']
2026-02-19 15:58:22,297 - RealmsMUD.WebMap - INFO - notify_player: sending 2815 rooms to 'Avikan'
2026-02-19 15:58:22,352 - RealmsMUD.WebMap - INFO - notify_player: send SUCCESS for 'Avikan'
2026-02-19 15:58:45,401 - RealmsMUD.World - INFO - Autosaved 1 players
2026-02-19 16:00:04,931 - RealmsMUD.WebMap - INFO - notify_player called for 'Avikan', connected clients: ['Avikan']
2026-02-19 16:00:05,018 - RealmsMUD.WebMap - INFO - notify_player: sending 2816 rooms to 'Avikan'
2026-02-19 16:00:05,066 - RealmsMUD.WebMap - INFO - notify_player: send SUCCESS for 'Avikan'
2026-02-19 16:00:06,386 - RealmsMUD.WebMap - INFO - notify_player called for 'Avikan', connected clients: ['Avikan']
2026-02-19 16:00:06,446 - RealmsMUD.WebMap - INFO - notify_player: sending 2817 rooms to 'Avikan'
2026-02-19 16:00:06,496 - RealmsMUD.WebMap - INFO - notify_player: send SUCCESS for 'Avikan'
2026-02-19 16:00:48,014 - RealmsMUD.World - INFO - Time: 6:00 PM, Day 1 of Early Summer, Year 1000
2026-02-19 16:03:51,832 - RealmsMUD.Shops - INFO - Created shop for nomad (vnum 5433) with 0 items
2026-02-19 16:03:51,834 - RealmsMUD.Shops - INFO - Created shop for nomad (vnum 5433) with 0 items
2026-02-19 16:03:51,835 - RealmsMUD.Shops - INFO - Created shop for nomad (vnum 5433) with 0 items
2026-02-19 16:03:51,837 - RealmsMUD.Shops - INFO - Created shop for nomad (vnum 5433) with 0 items
2026-02-19 16:03:51,838 - RealmsMUD.Shops - INFO - Created shop for nomad (vnum 5433) with 0 items
2026-02-19 16:03:51,839 - RealmsMUD.Shops - INFO - Created shop for nomad (vnum 5433) with 0 items
2026-02-19 16:03:51,869 - RealmsMUD.World - INFO - Autosaved 1 players
2026-02-19 16:04:53,044 - RealmsMUD.World - INFO - Time: 8:00 PM, Day 1 of Early Summer, Year 1000
